TN:
SF:stories/cro-button/Button.js
FN:4,Button
FN:46,handleClick
FN:56,attributeChangedCallback
FN:52,get
FNF:4
FNH:4
FNDA:3,Button
FNDA:1,handleClick
FNDA:1,attributeChangedCallback
FNDA:1,get
DA:1,1
DA:2,1
DA:3,1
DA:4,1
DA:5,3
DA:6,3
DA:7,3
DA:8,3
DA:9,3
DA:10,3
DA:11,3
DA:12,3
DA:13,3
DA:14,3
DA:15,3
DA:16,3
DA:17,3
DA:18,3
DA:19,3
DA:20,3
DA:21,3
DA:22,3
DA:23,3
DA:24,3
DA:25,3
DA:26,3
DA:27,3
DA:28,3
DA:29,3
DA:30,3
DA:31,3
DA:32,3
DA:33,3
DA:34,3
DA:35,3
DA:36,3
DA:37,3
DA:38,3
DA:39,3
DA:40,3
DA:41,3
DA:42,3
DA:43,3
DA:44,3
DA:45,1
DA:46,1
DA:47,1
DA:48,1
DA:49,1
DA:50,1
DA:51,1
DA:52,1
DA:53,1
DA:54,1
DA:55,1
DA:56,1
DA:57,1
DA:58,1
DA:59,0
DA:60,0
DA:61,1
DA:62,1
DA:63,1
DA:64,1
DA:65,1
DA:66,1
DA:67,1
DA:68,1
DA:69,1
LF:69
LH:67
BRDA:3,0,0,1
BRDA:4,1,0,3
BRDA:43,2,0,1
BRDA:46,3,0,1
BRDA:56,4,0,1
BRDA:58,5,0,0
BRDA:58,6,0,0
BRDA:52,7,0,1
BRF:8
BRH:6
end_of_record
TN:
SF:stories/cro-header/Header.js
FN:4,Header
FN:22,attributeChangedCallback
FN:18,get
FNF:3
FNH:3
FNDA:4,Header
FNDA:3,attributeChangedCallback
FNDA:1,get
DA:1,1
DA:2,1
DA:3,1
DA:4,1
DA:5,4
DA:6,4
DA:7,4
DA:8,4
DA:9,4
DA:10,4
DA:11,4
DA:12,4
DA:13,4
DA:14,4
DA:15,4
DA:16,4
DA:17,1
DA:18,1
DA:19,1
DA:20,1
DA:21,1
DA:22,1
DA:23,3
DA:24,3
DA:25,3
DA:26,3
DA:27,3
DA:28,1
DA:29,1
DA:30,1
DA:31,1
LF:31
LH:31
BRDA:3,0,0,1
BRDA:4,1,0,4
BRDA:22,2,0,3
BRDA:18,3,0,1
BRF:4
BRH:4
end_of_record
TN:
SF:stories/cro-overlay/Overlay.js
FN:2,Overlay
FN:107,attributeChangedCallback
FN:124,handleCloseButtonClick
FN:103,get
FNF:4
FNH:4
FNDA:4,Overlay
FNDA:3,attributeChangedCallback
FNDA:4,handleCloseButtonClick
FNDA:1,get
DA:1,1
DA:2,1
DA:3,4
DA:4,4
DA:5,4
DA:6,4
DA:7,4
DA:8,4
DA:9,4
DA:10,4
DA:11,4
DA:12,4
DA:13,4
DA:14,4
DA:15,4
DA:16,4
DA:17,4
DA:18,4
DA:19,4
DA:20,4
DA:21,4
DA:22,4
DA:23,4
DA:24,4
DA:25,4
DA:26,4
DA:27,4
DA:28,4
DA:29,4
DA:30,4
DA:31,4
DA:32,4
DA:33,4
DA:34,4
DA:35,4
DA:36,4
DA:37,4
DA:38,4
DA:39,4
DA:40,4
DA:41,4
DA:42,4
DA:43,4
DA:44,4
DA:45,4
DA:46,4
DA:47,4
DA:48,4
DA:49,4
DA:50,4
DA:51,4
DA:52,4
DA:53,4
DA:54,4
DA:55,4
DA:56,4
DA:57,4
DA:58,4
DA:59,4
DA:60,4
DA:61,4
DA:62,4
DA:63,4
DA:64,4
DA:65,4
DA:66,4
DA:67,4
DA:68,4
DA:69,4
DA:70,4
DA:71,4
DA:72,4
DA:73,4
DA:74,4
DA:75,4
DA:76,4
DA:77,4
DA:78,4
DA:79,4
DA:80,4
DA:81,4
DA:82,4
DA:83,4
DA:84,4
DA:85,4
DA:86,4
DA:87,4
DA:88,4
DA:89,4
DA:90,4
DA:91,4
DA:92,4
DA:93,4
DA:94,4
DA:95,4
DA:96,4
DA:97,4
DA:98,4
DA:99,4
DA:100,4
DA:101,4
DA:102,1
DA:103,1
DA:104,1
DA:105,1
DA:106,1
DA:107,1
DA:108,3
DA:109,3
DA:110,3
DA:111,3
DA:112,3
DA:113,3
DA:114,3
DA:115,3
DA:116,3
DA:117,3
DA:118,3
DA:119,3
DA:120,3
DA:121,3
DA:122,3
DA:123,1
DA:124,1
DA:125,4
DA:126,4
DA:127,4
DA:128,4
DA:129,4
DA:130,4
DA:131,4
DA:132,4
DA:133,4
DA:134,4
DA:135,1
DA:136,1
DA:137,1
DA:138,1
DA:139,1
DA:140,1
LF:140
LH:140
BRDA:1,0,0,1
BRDA:2,1,0,4
BRDA:107,2,0,3
BRDA:118,3,0,1
BRDA:118,4,0,1
BRDA:119,5,0,1
BRDA:119,6,0,1
BRDA:120,7,0,1
BRDA:120,8,0,1
BRDA:124,9,0,4
BRDA:103,10,0,1
BRF:11
BRH:11
end_of_record
